<component name="libraryTable">
  <library name="junit-4">
    <CLASSES>
      <root url="file://$PROJECT_DIR$/../../../../Program Files/JUnit/junit-4.10" />
    </CLASSES>
    <JAVADOC />
    <SOURCES />
  </library>
</component>